<?xml version="1.0" encoding="UTF-8" ?>
<testsuite tests="1" failures="0" name="siviotti.clausuladeguarda.MatematikaTest" time="0.008" errors="0" skipped="0">
  <properties>
    <property name="idea.plugins.compatible.build" value="201.6668.13"/>
    <property name="java.runtime.name" value="OpenJDK Runtime Environment"/>
    <property name="java.vm.version" value="11.0.2+9"/>
    <property name="sun.boot.library.path" value="/home/douglas/bin/jdk11/lib"/>
    <property name="maven.multiModuleProjectDirectory" value="/home/douglas/git/clausula-de-guarda"/>
    <property name="java.vm.vendor" value="Oracle Corporation"/>
    <property name="java.vendor.url" value="http://java.oracle.com/"/>
    <property name="guice.disable.misplaced.annotation.check" value="true"/>
    <property name="path.separator" value=":"/>
    <property name="java.vm.name" value="OpenJDK 64-Bit Server VM"/>
    <property name="sun.os.patch.level" value="unknown"/>
    <property name="sun.java.launcher" value="SUN_STANDARD"/>
    <property name="user.country" value="BR"/>
    <property name="java.vm.specification.name" value="Java Virtual Machine Specification"/>
    <property name="user.dir" value="/home/douglas/git/clausula-de-guarda"/>
    <property name="java.vm.compressedOopsMode" value="32-bit"/>
    <property name="java.runtime.version" value="11.0.2+9"/>
    <property name="java.awt.graphicsenv" value="sun.awt.X11GraphicsEnvironment"/>
    <property name="idea.io.use.nio2" value="true"/>
    <property name="os.arch" value="amd64"/>
    <property name="java.io.tmpdir" value="/tmp"/>
    <property name="line.separator" value="
"/>
    <property name="java.vm.specification.vendor" value="Oracle Corporation"/>
    <property name="os.name" value="Linux"/>
    <property name="classworlds.conf" value="/home/douglas/bin/maven3/bin/m2.conf"/>
    <property name="ide.hide.excluded.files" value="false"/>
    <property name="sun.jnu.encoding" value="UTF-8"/>
    <property name="java.library.path" value="/usr/java/packages/lib:/usr/lib64:/lib64:/lib:/usr/lib"/>
    <property name="psi.track.invalidation" value="true"/>
    <property name="maven.conf" value="/home/douglas/bin/maven3/conf"/>
    <property name="jdk.debug" value="release"/>
    <property name="java.class.version" value="55.0"/>
    <property name="java.specification.name" value="Java Platform API Specification"/>
    <property name="sun.management.compiler" value="HotSpot 64-Bit Tiered Compilers"/>
    <property name="project.structure.add.tools.jar.to.new.jdk" value="false"/>
    <property name="os.version" value="4.15.0-142-generic"/>
    <property name="library.jansi.path" value="/home/douglas/bin/maven3/lib/jansi-native"/>
    <property name="psi.incremental.reparse.depth.limit" value="1000"/>
    <property name="user.home" value="/home/douglas"/>
    <property name="user.timezone" value="America/Sao_Paulo"/>
    <property name="java.awt.printerjob" value="sun.print.PSPrinterJob"/>
    <property name="file.encoding" value="UTF-8"/>
    <property name="java.specification.version" value="11"/>
    <property name="idea.home.path" value="/tmp"/>
    <property name="user.name" value="douglas"/>
    <property name="java.class.path" value="/home/douglas/bin/maven3/boot/plexus-classworlds-2.6.0.jar"/>
    <property name="java.vm.specification.version" value="11"/>
    <property name="sun.arch.data.model" value="64"/>
    <property name="sun.java.command" value="org.codehaus.plexus.classworlds.launcher.Launcher install"/>
    <property name="java.home" value="/home/douglas/bin/jdk11"/>
    <property name="ast.loading.filter" value="false"/>
    <property name="user.language" value="pt"/>
    <property name="java.specification.vendor" value="Oracle Corporation"/>
    <property name="awt.toolkit" value="sun.awt.X11.XToolkit"/>
    <property name="java.vm.info" value="mixed mode"/>
    <property name="java.version" value="11.0.2"/>
    <property name="securerandom.source" value="file:/dev/./urandom"/>
    <property name="java.vendor" value="Oracle Corporation"/>
    <property name="maven.home" value="/home/douglas/bin/maven3"/>
    <property name="file.separator" value="/"/>
    <property name="java.version.date" value="2019-01-15"/>
    <property name="java.vendor.url.bug" value="http://bugreport.java.com/bugreport/"/>
    <property name="sun.io.unicode.encoding" value="UnicodeLittle"/>
    <property name="sun.cpu.endian" value="little"/>
    <property name="java.vendor.version" value="18.9"/>
    <property name="idea.ignore.disabled.plugins" value="true"/>
    <property name="sun.desktop" value="gnome"/>
    <property name="sun.cpu.isalist" value=""/>
  </properties>
  <testcase classname="siviotti.clausuladeguarda.MatematikaTest" name="siviotti.clausuladeguarda.MatematikaTest.testDivide" time="0.008"/>
</testsuite>